# JRE version: Java(TM) SE Runtime Environment (8.0_45-b15) (build 1.8.0_45-b15)
# Java VM: Java HotSpot(TM) 64-Bit Server VM (25.45-b02 mixed mode windows-amd64 compressed oops)
Heap:
 PSYoungGen      total 36864K, used 11053K [0x00000000d6e00000, 0x00000000da400000, 0x0000000100000000)
  eden space 31744K, 20% used [0x00000000d6e00000,0x00000000d745b7c0,0x00000000d8d00000)
  from space 5120K, 88% used [0x00000000d8d00000,0x00000000d916fcf8,0x00000000d9200000)
  to   space 5120K, 0% used [0x00000000d9200000,0x00000000d9200000,0x00000000d9700000)
 ParOldGen       total 61440K, used 4309K [0x0000000084a00000, 0x0000000088600000, 0x00000000d6e00000)
  object space 61440K, 7% used [0x0000000084a00000,0x0000000084e357c0,0x0000000088600000)
 Metaspace       used 17141K, capacity 17838K, committed 18176K, reserved 1071104K
  class space    used 2323K, capacity 2481K, committed 2560K, reserved 1048576K
GC Heap History (8 events):
Event: 2.241 GC heap before
{Heap before GC invocations=1 (full 0):
 PSYoungGen      total 36864K, used 28811K [0x00000000d6e00000, 0x00000000d9700000, 0x0000000100000000)
  eden space 31744K, 90% used [0x00000000d6e00000,0x00000000d8a22ef8,0x00000000d8d00000)
  from space 5120K, 0% used [0x00000000d9200000,0x00000000d9200000,0x00000000d9700000)
  to   space 5120K, 0% used [0x00000000d8d00000,0x00000000d8d00000,0x00000000d9200000)
 ParOldGen       total 84992K, used 0K [0x0000000084a00000, 0x0000000089d00000, 0x00000000d6e00000)
  object space 84992K, 0% used [0x0000000084a00000,0x0000000084a00000,0x0000000089d00000)
 Metaspace       used 9956K, capacity 10164K, committed 10240K, reserved 1062912K
  class space    used 1206K, capacity 1280K, committed 1280K, reserved 1048576K
Event: 2.248 GC heap after
Heap after GC invocations=1 (full 0):
 PSYoungGen      total 36864K, used 4431K [0x00000000d6e00000, 0x00000000d9700000, 0x0000000100000000)
  eden space 31744K, 0% used [0x00000000d6e00000,0x00000000d6e00000,0x00000000d8d00000)
  from space 5120K, 86% used [0x00000000d8d00000,0x00000000d9153f88,0x00000000d9200000)
  to   space 5120K, 0% used [0x00000000d9200000,0x00000000d9200000,0x00000000d9700000)
 ParOldGen       total 84992K, used 16K [0x0000000084a00000, 0x0000000089d00000, 0x00000000d6e00000)
  object space 84992K, 0% used [0x0000000084a00000,0x0000000084a04000,0x0000000089d00000)
 Metaspace       used 9956K, capacity 10164K, committed 10240K, reserved 1062912K
  class space    used 1206K, capacity 1280K, committed 1280K, reserved 1048576K
}
Event: 2.248 GC heap before
{Heap before GC invocations=2 (full 1):
 PSYoungGen      total 36864K, used 4431K [0x00000000d6e00000, 0x00000000d9700000, 0x0000000100000000)
  eden space 31744K, 0% used [0x00000000d6e00000,0x00000000d6e00000,0x00000000d8d00000)
  from space 5120K, 86% used [0x00000000d8d00000,0x00000000d9153f88,0x00000000d9200000)
  to   space 5120K, 0% used [0x00000000d9200000,0x00000000d9200000,0x00000000d9700000)
 ParOldGen       total 84992K, used 16K [0x0000000084a00000, 0x0000000089d00000, 0x00000000d6e00000)
  object space 84992K, 0% used [0x0000000084a00000,0x0000000084a04000,0x0000000089d00000)
 Metaspace       used 9956K, capacity 10164K, committed 10240K, reserved 1062912K
  class space    used 1206K, capacity 1280K, committed 1280K, reserved 1048576K
Event: 2.270 GC heap after
Heap after GC invocations=2 (full 1):
 PSYoungGen      total 36864K, used 0K [0x00000000d6e00000, 0x00000000d9700000, 0x0000000100000000)
  eden space 31744K, 0% used [0x00000000d6e00000,0x00000000d6e00000,0x00000000d8d00000)
  from space 5120K, 0% used [0x00000000d8d00000,0x00000000d8d00000,0x00000000d9200000)
  to   space 5120K, 0% used [0x00000000d9200000,0x00000000d9200000,0x00000000d9700000)
 ParOldGen       total 61440K, used 4293K [0x0000000084a00000, 0x0000000088600000, 0x00000000d6e00000)
  object space 61440K, 6% used [0x0000000084a00000,0x0000000084e317c0,0x0000000088600000)
 Metaspace       used 9956K, capacity 10164K, committed 10240K, reserved 1060864K
  class space    used 1206K, capacity 1280K, committed 1280K, reserved 1048576K
}
Event: 2.650 GC heap before
{Heap before GC invocations=3 (full 1):
 PSYoungGen      total 36864K, used 31744K [0x00000000d6e00000, 0x00000000d9700000, 0x0000000100000000)
  eden space 31744K, 100% used [0x00000000d6e00000,0x00000000d8d00000,0x00000000d8d00000)
  from space 5120K, 0% used [0x00000000d8d00000,0x00000000d8d00000,0x00000000d9200000)
  to   space 5120K, 0% used [0x00000000d9200000,0x00000000d9200000,0x00000000d9700000)
 ParOldGen       total 61440K, used 4293K [0x0000000084a00000, 0x0000000088600000, 0x00000000d6e00000)
  object space 61440K, 6% used [0x0000000084a00000,0x0000000084e317c0,0x0000000088600000)
 Metaspace       used 14116K, capacity 14638K, committed 14848K, reserved 1062912K
  class space    used 1809K, capacity 1943K, committed 2048K, reserved 1048576K
Event: 2.654 GC heap after
Heap after GC invocations=3 (full 1):
 PSYoungGen      total 36864K, used 3388K [0x00000000d6e00000, 0x00000000da400000, 0x0000000100000000)
  eden space 31744K, 0% used [0x00000000d6e00000,0x00000000d6e00000,0x00000000d8d00000)
  from space 5120K, 66% used [0x00000000d9200000,0x00000000d954f078,0x00000000d9700000)
  to   space 5120K, 0% used [0x00000000d8d00000,0x00000000d8d00000,0x00000000d9200000)
 ParOldGen       total 61440K, used 4301K [0x0000000084a00000, 0x0000000088600000, 0x00000000d6e00000)
  object space 61440K, 7% used [0x0000000084a00000,0x0000000084e337c0,0x0000000088600000)
 Metaspace       used 14116K, capacity 14638K, committed 14848K, reserved 1062912K
  class space    used 1809K, capacity 1943K, committed 2048K, reserved 1048576K
}
Event: 2.874 GC heap before
{Heap before GC invocations=4 (full 1):
 PSYoungGen      total 36864K, used 35132K [0x00000000d6e00000, 0x00000000da400000, 0x0000000100000000)
  eden space 31744K, 100% used [0x00000000d6e00000,0x00000000d8d00000,0x00000000d8d00000)
  from space 5120K, 66% used [0x00000000d9200000,0x00000000d954f078,0x00000000d9700000)
  to   space 5120K, 0% used [0x00000000d8d00000,0x00000000d8d00000,0x00000000d9200000)
 ParOldGen       total 61440K, used 4301K [0x0000000084a00000, 0x0000000088600000, 0x00000000d6e00000)
  object space 61440K, 7% used [0x0000000084a00000,0x0000000084e337c0,0x0000000088600000)
 Metaspace       used 16566K, capacity 17210K, committed 17280K, reserved 1067008K
  class space    used 2247K, capacity 2397K, committed 2432K, reserved 1048576K
Event: 2.878 GC heap after
Heap after GC invocations=4 (full 1):
 PSYoungGen      total 36864K, used 4543K [0x00000000d6e00000, 0x00000000da400000, 0x0000000100000000)
  eden space 31744K, 0% used [0x00000000d6e00000,0x00000000d6e00000,0x00000000d8d00000)
  from space 5120K, 88% used [0x00000000d8d00000,0x00000000d916fcf8,0x00000000d9200000)
  to   space 5120K, 0% used [0x00000000d9200000,0x00000000d9200000,0x00000000d9700000)
 ParOldGen       total 61440K, used 4309K [0x0000000084a00000, 0x0000000088600000, 0x00000000d6e00000)
  object space 61440K, 7% used [0x0000000084a00000,0x0000000084e357c0,0x0000000088600000)
 Metaspace       used 16566K, capacity 17210K, committed 17280K, reserved 1067008K
  class space    used 2247K, capacity 2397K, committed 2432K, reserved 1048576K
}

